2026-05-09 13:16:45,634 | INFO | setup:47 | ✅ Database initialized: stock_historical.db
2026-05-09 13:16:45,635 | INFO | setup:84 | 📌 Ticker registered: AAPL
2026-05-09 13:16:45,635 | INFO | setup:84 | 📌 Ticker registered: NVDA
2026-05-09 13:16:45,636 | INFO | setup:84 | 📌 Ticker registered: TSLA
2026-05-09 13:16:47,027 | INFO | setup:132 | ✅ yfinance success → TSLA (3990 rows)
2026-05-09 13:16:47,037 | ERROR | setup:104 | DB insert error TSLA: Error binding parameter 2: type 'Timestamp' is not supported
Traceback (most recent call last):
  File "/Users/jeff/Downloads/XAi/GIT/Xapp/App/setup.py", line 97, in insert_prices
    self.conn.executemany("""
    ~~~~~~~~~~~~~~~~~~~~~^^^^
        INSERT OR REPLACE INTO price_history
        ^^^^^^^^^^^^^^^^^^^^^^^^^^^^^^^^^^^^
        VALUES (?, ?, ?, ?, ?, ?, ?, ?, ?)
        ^^^^^^^^^^^^^^^^^^^^^^^^^^^^^^^^^^
    """, records)
    ^^^^^^^^^^^^^
sqlite3.ProgrammingError: Error binding parameter 2: type 'Timestamp' is not supported
2026-05-09 13:16:47,184 | INFO | setup:132 | ✅ yfinance success → NVDA (6866 rows)
2026-05-09 13:16:47,283 | ERROR | setup:104 | DB insert error NVDA: Error binding parameter 2: type 'Timestamp' is not supported
Traceback (most recent call last):
  File "/Users/jeff/Downloads/XAi/GIT/Xapp/App/setup.py", line 97, in insert_prices
    self.conn.executemany("""
    ~~~~~~~~~~~~~~~~~~~~~^^^^
        INSERT OR REPLACE INTO price_history
        ^^^^^^^^^^^^^^^^^^^^^^^^^^^^^^^^^^^^
        VALUES (?, ?, ?, ?, ?, ?, ?, ?, ?)
        ^^^^^^^^^^^^^^^^^^^^^^^^^^^^^^^^^^
    """, records)
    ^^^^^^^^^^^^^
sqlite3.ProgrammingError: Error binding parameter 2: type 'Timestamp' is not supported
2026-05-09 13:16:47,311 | INFO | setup:132 | ✅ yfinance success → AAPL (11443 rows)
2026-05-09 13:16:47,335 | ERROR | setup:104 | DB insert error AAPL: Error binding parameter 2: type 'Timestamp' is not supported
Traceback (most recent call last):
  File "/Users/jeff/Downloads/XAi/GIT/Xapp/App/setup.py", line 97, in insert_prices
    self.conn.executemany("""
    ~~~~~~~~~~~~~~~~~~~~~^^^^
        INSERT OR REPLACE INTO price_history
        ^^^^^^^^^^^^^^^^^^^^^^^^^^^^^^^^^^^^
        VALUES (?, ?, ?, ?, ?, ?, ?, ?, ?)
        ^^^^^^^^^^^^^^^^^^^^^^^^^^^^^^^^^^
    """, records)
    ^^^^^^^^^^^^^
sqlite3.ProgrammingError: Error binding parameter 2: type 'Timestamp' is not supported
2026-05-09 13:16:47,773 | INFO | setup:132 | ✅ yfinance success → TSLA (1 rows)
2026-05-09 13:16:47,931 | INFO | setup:132 | ✅ yfinance success → NVDA (1 rows)
2026-05-09 13:16:48,113 | INFO | setup:132 | ✅ yfinance success → AAPL (1 rows)
