2026-05-09 14:08:47 | INFO | XForge App | [main] XForge App starting up...
2026-05-09 14:08:47 | INFO | XForge App | [startup] Application initialized with robust logging and error handling.
2026-05-09 14:10:02 | INFO | XForge App | [git_status] Git command successful: git status
2026-05-09 14:10:18 | INFO | XForge App | [git_pull] Git command successful: git pull
2026-05-09 14:10:35 | INFO | XForge App | [git_push_add] Git command successful: git add .
2026-05-09 14:10:35 | INFO | XForge App | [git_push_commit] Git command successful: git commit -m 1.02
2026-05-09 14:10:37 | INFO | XForge App | [git_push] Git command successful: git push
2026-05-09 14:11:34 | INFO | XForge App | [save_config] Config saved successfully.
2026-05-09 14:11:56 | INFO | XForge App | [SIM_backup] Script backed up to backups/app_backup_20260509_14:11:56.py
2026-05-09 14:13:16 | INFO | XForge App | [git_pull] Git command successful: git pull
2026-05-09 14:13:23 | INFO | XForge App | [git_status] Git command successful: git status
2026-05-09 14:13:39 | INFO | XForge App | [git_status] Git command successful: git status
2026-05-09 14:13:43 | INFO | XForge App | [git_pull] Git command successful: git pull
2026-05-09 14:13:45 | INFO | XForge App | [SIM_xai] xAI improvement generated successfully.
2026-05-09 14:15:22 | INFO | XForge App | [module_loader] Module loaded: /Users/jeff/Downloads/XAi/GIT/Xapp/App/Modules/xforge_trader.py
2026-05-09 14:15:42 | INFO | XForge App | [git_status] Git command successful: git status
2026-05-09 14:15:57 | INFO | XForge App | [main] XForge App starting up...
2026-05-09 14:15:57 | INFO | XForge App | [startup] Application initialized with robust logging and error handling.
2026-05-09 14:16:49 | INFO | XForge App | [git_status] Git command successful: git status
2026-05-09 14:16:54 | INFO | XForge App | [git_pull] Git command successful: git pull
2026-05-09 14:17:12 | INFO | XForge App | [git_pull] Git command successful: git pull
2026-05-09 14:18:30 | INFO | XForge App | [git_status] Git command successful: git status
2026-05-10 05:00:36 | INFO | XForgeTraderModule | [module_startup] 🚀 XForge Trader v11.2 launched – full central logging active
2026-05-10 05:00:36 | INFO | XForgeTraderModule | [db_init] Historical database initialized/verified
2026-05-10 05:00:56 | INFO | XForgeTraderModule | [module_startup] 🚀 XForge Trader v11.2 launched – full central logging active
2026-05-10 05:00:56 | INFO | XForgeTraderModule | [db_init] Historical database initialized/verified
2026-05-10 05:01:17 | INFO | XForgeTraderModule | [module_startup] 🚀 XForge Trader v11.2 launched – full central logging active
2026-05-10 05:01:17 | INFO | XForgeTraderModule | [db_init] Historical database initialized/verified
2026-05-10 05:05:40 | INFO | XForgeSetup | [setup_startup] 🚀 XForge SETUP.PY v11.2 started – merging historical DB + full trader
2026-05-10 05:05:40 | INFO | XForgeSetup | [db_init] Historical database initialized/verified
2026-05-10 05:05:40 | INFO | XForgeSetup | [db_init] Historical database initialized/verified
2026-05-10 05:05:41 | ERROR | XForgeSetup | [ingest_historical_data] CRITICAL ERROR in ingest_historical_data: table historical_prices has no column named ('Date', '')
Traceback (most recent call last):
  File "/Users/jeff/Downloads/XAi/GIT/Xapp/App/setup.py", line 96, in ingest_historical_data
    df.to_sql('historical_prices', conn, if_exists='append', index=False, method='multi')
    ~~~~~~~~~^^^^^^^^^^^^^^^^^^^^^^^^^^^^^^^^^^^^^^^^^^^^^^^^^^^^^^^^^^^^^^^^^^^^^^^^^^^^
  File "/Library/Frameworks/Python.framework/Versions/3.13/lib/python3.13/site-packages/pandas/core/generic.py", line 3052, in to_sql
    return sql.to_sql(
           ~~~~~~~~~~^
        self,
        ^^^^^
    ...<8 lines>...
        method=method,
        ^^^^^^^^^^^^^^
    )
    ^
  File "/Library/Frameworks/Python.framework/Versions/3.13/lib/python3.13/site-packages/pandas/io/sql.py", line 841, in to_sql
    return pandas_sql.to_sql(
           ~~~~~~~~~~~~~~~~~^
        frame,
        ^^^^^^
    ...<9 lines>...
        **engine_kwargs,
        ^^^^^^^^^^^^^^^^
    )
    ^
  File "/Library/Frameworks/Python.framework/Versions/3.13/lib/python3.13/site-packages/pandas/io/sql.py", line 2880, in to_sql
    return table.insert(chunksize, method)
           ~~~~~~~~~~~~^^^^^^^^^^^^^^^^^^^
  File "/Library/Frameworks/Python.framework/Versions/3.13/lib/python3.13/site-packages/pandas/io/sql.py", line 1122, in insert
    num_inserted = exec_insert(conn, keys, chunk_iter)
  File "/Library/Frameworks/Python.framework/Versions/3.13/lib/python3.13/site-packages/pandas/io/sql.py", line 2579, in _execute_insert_multi
    conn.execute(self.insert_statement(num_rows=len(data_list)), flattened_data)
    ~~~~~~~~~~~~^^^^^^^^^^^^^^^^^^^^^^^^^^^^^^^^^^^^^^^^^^^^^^^^^^^^^^^^^^^^^^^^
sqlite3.OperationalError: table historical_prices has no column named ('Date', '')

2026-05-10 05:05:41 | INFO | XForgeSetup | [setup] Default historical ingestion complete: 0 rows
2026-05-10 05:24:48 | INFO | XForgeSetup | [setup_startup] 🚀 XForge SETUP.PY v11.3 launched – full merge active
2026-05-10 05:24:48 | INFO | XForgeSetup | [db_init] Historical database initialized/verified
2026-05-10 05:24:48 | INFO | XForgeSetup | [db_init] Historical database initialized/verified
2026-05-10 05:24:49 | ERROR | XForgeSetup | [ingest_historical_data] CRITICAL ERROR in ingest_historical_data: table historical_prices has no column named ('Date', '')
Traceback (most recent call last):
  File "/Users/jeff/Downloads/XAi/GIT/Xapp/App/setup.py", line 94, in ingest_historical_data
    df.to_sql('historical_prices', conn, if_exists='append', index=False, method='multi')
    ~~~~~~~~~^^^^^^^^^^^^^^^^^^^^^^^^^^^^^^^^^^^^^^^^^^^^^^^^^^^^^^^^^^^^^^^^^^^^^^^^^^^^
  File "/Library/Frameworks/Python.framework/Versions/3.13/lib/python3.13/site-packages/pandas/core/generic.py", line 3052, in to_sql
    return sql.to_sql(
           ~~~~~~~~~~^
        self,
        ^^^^^
    ...<8 lines>...
        method=method,
        ^^^^^^^^^^^^^^
    )
    ^
  File "/Library/Frameworks/Python.framework/Versions/3.13/lib/python3.13/site-packages/pandas/io/sql.py", line 841, in to_sql
    return pandas_sql.to_sql(
           ~~~~~~~~~~~~~~~~~^
        frame,
        ^^^^^^
    ...<9 lines>...
        **engine_kwargs,
        ^^^^^^^^^^^^^^^^
    )
    ^
  File "/Library/Frameworks/Python.framework/Versions/3.13/lib/python3.13/site-packages/pandas/io/sql.py", line 2880, in to_sql
    return table.insert(chunksize, method)
           ~~~~~~~~~~~~^^^^^^^^^^^^^^^^^^^
  File "/Library/Frameworks/Python.framework/Versions/3.13/lib/python3.13/site-packages/pandas/io/sql.py", line 1122, in insert
    num_inserted = exec_insert(conn, keys, chunk_iter)
  File "/Library/Frameworks/Python.framework/Versions/3.13/lib/python3.13/site-packages/pandas/io/sql.py", line 2579, in _execute_insert_multi
    conn.execute(self.insert_statement(num_rows=len(data_list)), flattened_data)
    ~~~~~~~~~~~~^^^^^^^^^^^^^^^^^^^^^^^^^^^^^^^^^^^^^^^^^^^^^^^^^^^^^^^^^^^^^^^^
sqlite3.OperationalError: table historical_prices has no column named ('Date', '')

2026-05-10 05:24:50 | ERROR | XForgeSetup | [main_launch] CRITICAL ERROR in main_launch: Blocks.launch() got an unexpected keyword argument 'show_api'
Traceback (most recent call last):
  File "/Users/jeff/Downloads/XAi/GIT/Xapp/App/setup.py", line 239, in <module>
    app.launch(server_name="127.0.0.1", server_port=7860, inbrowser=True, show_api=False, share=False, quiet=True)
    ~~~~~~~~~~^^^^^^^^^^^^^^^^^^^^^^^^^^^^^^^^^^^^^^^^^^^^^^^^^^^^^^^^^^^^^^^^^^^^^^^^^^^^^^^^^^^^^^^^^^^^^^^^^^^^
TypeError: Blocks.launch() got an unexpected keyword argument 'show_api'

