2026-05-07 16:44:35,809 - INFO - Full app written to /Users/jeff/Downloads/XAi/GIT/Xapp/App/xforge_historical_db.py
2026-05-07 16:44:44,444 - INFO - === XForge Historical DB v1.0 STARTING ===
2026-05-07 16:44:44,457 - INFO - Database initialized successfully
2026-05-07 16:45:21,312 - ERROR - Fetch error for AAPL: PriceHistory.history() got an unexpected keyword argument 'progress'
2026-05-07 16:45:21,315 - ERROR - Fetch error for MSFT: PriceHistory.history() got an unexpected keyword argument 'progress'
2026-05-07 16:45:21,315 - ERROR - Fetch error for GOOGL: PriceHistory.history() got an unexpected keyword argument 'progress'
2026-05-07 16:45:57,912 - ERROR - Fetch error for AAPL: PriceHistory.history() got an unexpected keyword argument 'progress'
2026-05-07 16:45:57,916 - ERROR - Fetch error for TSLA: PriceHistory.history() got an unexpected keyword argument 'progress'
2026-05-07 16:45:57,917 - ERROR - Fetch error for NVDA: PriceHistory.history() got an unexpected keyword argument 'progress'
2026-05-07 16:46:36,904 - ERROR - Fetch error for AAPL: PriceHistory.history() got an unexpected keyword argument 'progress'
2026-05-07 16:46:36,905 - ERROR - Fetch error for TSLA: PriceHistory.history() got an unexpected keyword argument 'progress'
2026-05-07 16:46:36,906 - ERROR - Fetch error for NVDA: PriceHistory.history() got an unexpected keyword argument 'progress'
2026-05-07 16:46:47,154 - ERROR - Fetch error for AAPL: PriceHistory.history() got an unexpected keyword argument 'progress'
2026-05-07 16:46:47,155 - ERROR - Fetch error for TSLA: PriceHistory.history() got an unexpected keyword argument 'progress'
2026-05-07 16:46:47,156 - ERROR - Fetch error for NVDA: PriceHistory.history() got an unexpected keyword argument 'progress'
2026-05-07 16:46:48,701 - ERROR - Fetch error for AAPL: PriceHistory.history() got an unexpected keyword argument 'progress'
2026-05-07 16:46:48,702 - ERROR - Fetch error for TSLA: PriceHistory.history() got an unexpected keyword argument 'progress'
2026-05-07 16:46:48,703 - ERROR - Fetch error for NVDA: PriceHistory.history() got an unexpected keyword argument 'progress'
2026-05-07 16:46:51,736 - ERROR - Fetch error for AAPL: PriceHistory.history() got an unexpected keyword argument 'progress'
2026-05-07 16:46:51,737 - ERROR - Fetch error for TSLA: PriceHistory.history() got an unexpected keyword argument 'progress'
2026-05-07 16:46:51,738 - ERROR - Fetch error for NVDA: PriceHistory.history() got an unexpected keyword argument 'progress'
2026-05-07 16:46:55,182 - ERROR - Fetch error for AAPL: PriceHistory.history() got an unexpected keyword argument 'progress'
2026-05-07 16:46:55,183 - ERROR - Fetch error for TSLA: PriceHistory.history() got an unexpected keyword argument 'progress'
2026-05-07 16:46:55,185 - ERROR - Fetch error for NVDA: PriceHistory.history() got an unexpected keyword argument 'progress'
2026-05-07 16:46:57,067 - ERROR - Fetch error for AAPL: PriceHistory.history() got an unexpected keyword argument 'progress'
2026-05-07 16:46:57,068 - ERROR - Fetch error for TSLA: PriceHistory.history() got an unexpected keyword argument 'progress'
2026-05-07 16:46:57,069 - ERROR - Fetch error for NVDA: PriceHistory.history() got an unexpected keyword argument 'progress'
2026-05-07 16:47:30,401 - INFO - Full app written to /Users/jeff/Downloads/XAi/GIT/Xapp/App/xforge_historical_db.py
2026-05-07 16:47:34,698 - INFO - === XForge Historical DB v1.0 STARTING ===
2026-05-07 16:47:34,700 - INFO - Database initialized successfully
2026-05-07 16:47:39,785 - ERROR - Fetch error for AAPL: PriceHistory.history() got an unexpected keyword argument 'progress'
2026-05-07 16:47:39,787 - ERROR - Fetch error for MSFT: PriceHistory.history() got an unexpected keyword argument 'progress'
2026-05-07 16:47:39,787 - ERROR - Fetch error for GOOGL: PriceHistory.history() got an unexpected keyword argument 'progress'
2026-05-07 17:03:13,598 - INFO - Full app written to /Users/jeff/Downloads/XAi/GIT/Xapp/App/xforge_historical_db.py
2026-05-07 17:03:17,429 - INFO - === XForge Historical DB v1.0 STARTING ===
2026-05-07 17:03:17,436 - INFO - Database initialized successfully
2026-05-07 17:03:35,403 - ERROR - Fetch error for AAPL: PriceHistory.history() got an unexpected keyword argument 'progress'
2026-05-07 17:03:35,405 - ERROR - Fetch error for TSLA: PriceHistory.history() got an unexpected keyword argument 'progress'
2026-05-07 17:03:35,406 - ERROR - Fetch error for NVDA: PriceHistory.history() got an unexpected keyword argument 'progress'
2026-05-07 17:03:38,082 - ERROR - Fetch error for AAPL: PriceHistory.history() got an unexpected keyword argument 'progress'
2026-05-07 17:03:38,084 - ERROR - Fetch error for TSLA: PriceHistory.history() got an unexpected keyword argument 'progress'
2026-05-07 17:03:38,086 - ERROR - Fetch error for NVDA: PriceHistory.history() got an unexpected keyword argument 'progress'
2026-05-07 17:03:59,859 - ERROR - Fetch error for AAPL: PriceHistory.history() got an unexpected keyword argument 'progress'
2026-05-07 17:03:59,861 - ERROR - Fetch error for TSLA: PriceHistory.history() got an unexpected keyword argument 'progress'
2026-05-07 17:03:59,861 - ERROR - Fetch error for NVDA: PriceHistory.history() got an unexpected keyword argument 'progress'
2026-05-07 17:04:02,482 - ERROR - Fetch error for AAPL: PriceHistory.history() got an unexpected keyword argument 'progress'
2026-05-07 17:04:02,487 - ERROR - Fetch error for TSLA: PriceHistory.history() got an unexpected keyword argument 'progress'
2026-05-07 17:04:02,488 - ERROR - Fetch error for NVDA: PriceHistory.history() got an unexpected keyword argument 'progress'
2026-05-07 17:04:17,186 - ERROR - Fetch error for TSLA: PriceHistory.history() got an unexpected keyword argument 'progress'
2026-05-07 17:04:17,187 - ERROR - Fetch error for NVDA: PriceHistory.history() got an unexpected keyword argument 'progress'
2026-05-09 09:22:01,844 - ERROR - Failed to load xforge_historical_db: [Errno 2] No such file or directory: '/Users/jeff/Downloads/XAi/GIT/Xapp/App/modules/xforge_historical_db.py'
2026-05-09 09:22:30,531 - ERROR - HTTP Error 404: {"quoteSummary":{"result":null,"error":{"code":"Not Found","description":"Quote not found for symbol: TSLA, NVDA, AAPL"}}}
2026-05-09 09:22:31,666 - ERROR - $TSLA, NVDA, AAPL: possibly delisted; no price data found  (period=1y) (Yahoo error = "No data found, symbol may be delisted")
2026-05-09 09:23:17,061 - ERROR - $TSLA, NVDA, AAPL: possibly delisted; no price data found  (period=1y) (Yahoo error = "No data found, symbol may be delisted")
2026-05-09 09:23:23,395 - ERROR - $TSLA, NVDA, AAPL: possibly delisted; no price data found  (period=5y) (Yahoo error = "No data found, symbol may be delisted")
2026-05-09 09:23:37,818 - ERROR - $TSLA, NVDA, AAPL: possibly delisted; no price data found  (period=5d) (Yahoo error = "No data found, symbol may be delisted")
2026-05-09 09:23:37,819 - ERROR - single positional indexer is out-of-bounds
2026-05-09 09:24:12,868 - ERROR - $TSLA, NVDA, AAPL: possibly delisted; no price data found  (period=5d) (Yahoo error = "No data found, symbol may be delisted")
2026-05-09 09:24:12,869 - ERROR - single positional indexer is out-of-bounds
2026-05-09 09:24:40,182 - ERROR - $TSLA, NVDA, AAPL: possibly delisted; no price data found  (period=5y) (Yahoo error = "No data found, symbol may be delisted")
2026-05-09 09:24:59,150 - ERROR - $TSLA, NVDA, AAPL: possibly delisted; no price data found  (period=5d) (Yahoo error = "No data found, symbol may be delisted")
2026-05-09 09:24:59,151 - ERROR - single positional indexer is out-of-bounds
